<?xml version="1.0" encoding="UTF-8"?>
<testng-results ignored="0" total="2" passed="2" failed="0" skipped="0">
  <reporter-output>
  </reporter-output>
  <suite started-at="2021-02-17T18:31:47Z" name="Surefire suite" finished-at="2021-02-17T18:31:47Z" duration-ms="54">
    <groups>
    </groups>
    <test started-at="2021-02-17T18:31:47Z" name="Surefire test" finished-at="2021-02-17T18:31:47Z" duration-ms="54">
      <class name="qaclickacademy.mavenproject.AppiumTest">
        <test-method signature="MBtest()[pri:0, instance:qaclickacademy.mavenproject.AppiumTest@6366ebe0]" started-at="2021-02-18T00:01:47Z" name="MBtest" finished-at="2021-02-18T00:01:47Z" duration-ms="12" status="PASS">
          <reporter-output>
          </reporter-output>
        </test-method> <!-- MBtest -->
        <test-method signature="mobiletest()[pri:0, instance:qaclickacademy.mavenproject.AppiumTest@6366ebe0]" started-at="2021-02-18T00:01:47Z" name="mobiletest" finished-at="2021-02-18T00:01:47Z" duration-ms="0" status="PASS">
          <reporter-output>
          </reporter-output>
        </test-method> <!-- mobiletest -->
      </class> <!-- qaclickacademy.mavenproject.AppiumTest -->
    </test> <!-- Surefire test -->
  </suite> <!-- Surefire suite -->
</testng-results>
